Namespace(model='beit', norm='L2', gamma=4.0, delta=9.0, epsilon=0.01, L=3, batch_size=8, attack='fgsm', budget=0.00392156862745098)
Only replace 12 layers with robust attention
Files already downloaded and verified

[ Test Start ]

Current batch:0
Current benign test accuracy:0.875
Current benign test loss:0.2674657106399536
Current adversarial test accuracy:0.125
Current adversarial test loss:3.7768726348876953

Current batch:10
Current benign test accuracy:0.5
Current benign test loss:1.2606829404830933
Current adversarial test accuracy:0.25
Current adversarial test loss:3.747896194458008

Current batch:20
Current benign test accuracy:0.625
Current benign test loss:1.347217321395874
Current adversarial test accuracy:0.0
Current adversarial test loss:4.234760284423828

Current batch:30
Current benign test accuracy:0.875
Current benign test loss:0.7443506717681885
Current adversarial test accuracy:0.25
Current adversarial test loss:3.827152729034424

Current batch:40
Current benign test accuracy:0.75
Current benign test loss:0.5708499550819397
Current adversarial test accuracy:0.125
Current adversarial test loss:4.077516555786133

Current batch:50
Current benign test accuracy:0.75
Current benign test loss:0.2822261452674866
Current adversarial test accuracy:0.25
Current adversarial test loss:3.9509494304656982

Current batch:60
Current benign test accuracy:0.75
Current benign test loss:0.9791748523712158
Current adversarial test accuracy:0.125
Current adversarial test loss:3.3419997692108154

Current batch:70
Current benign test accuracy:0.5
Current benign test loss:1.826715111732483
Current adversarial test accuracy:0.0
Current adversarial test loss:5.573474884033203

Current batch:80
Current benign test accuracy:0.875
Current benign test loss:0.35978659987449646
Current adversarial test accuracy:0.125
Current adversarial test loss:4.263854503631592

Current batch:90
Current benign test accuracy:0.875
Current benign test loss:0.5777914524078369
Current adversarial test accuracy:0.125
Current adversarial test loss:2.951138496398926

Current batch:100
Current benign test accuracy:1.0
Current benign test loss:0.08639901131391525
Current adversarial test accuracy:0.125
Current adversarial test loss:2.7032265663146973

Current batch:110
Current benign test accuracy:0.625
Current benign test loss:1.3481416702270508
Current adversarial test accuracy:0.375
Current adversarial test loss:4.280352592468262

Current batch:120
Current benign test accuracy:0.375
Current benign test loss:1.2120589017868042
Current adversarial test accuracy:0.0
Current adversarial test loss:5.9131364822387695

Current batch:130
Current benign test accuracy:0.5
Current benign test loss:1.6673907041549683
Current adversarial test accuracy:0.25
Current adversarial test loss:4.259205341339111

Current batch:140
Current benign test accuracy:0.875
Current benign test loss:0.6048750877380371
Current adversarial test accuracy:0.0
Current adversarial test loss:4.045951843261719

Current batch:150
Current benign test accuracy:0.875
Current benign test loss:0.24093766510486603
Current adversarial test accuracy:0.125
Current adversarial test loss:3.7969958782196045

Current batch:160
Current benign test accuracy:0.875
Current benign test loss:0.49055832624435425
Current adversarial test accuracy:0.0
Current adversarial test loss:5.476244926452637

Current batch:170
Current benign test accuracy:1.0
Current benign test loss:0.045005977153778076
Current adversarial test accuracy:0.5
Current adversarial test loss:1.6744259595870972

Current batch:180
Current benign test accuracy:1.0
Current benign test loss:0.13643063604831696
Current adversarial test accuracy:0.5
Current adversarial test loss:2.9705004692077637

Current batch:190
Current benign test accuracy:0.875
Current benign test loss:0.40553614497184753
Current adversarial test accuracy:0.125
Current adversarial test loss:3.59285831451416

Current batch:200
Current benign test accuracy:0.625
Current benign test loss:1.592930793762207
Current adversarial test accuracy:0.0
Current adversarial test loss:6.357210636138916

Current batch:210
Current benign test accuracy:0.625
Current benign test loss:1.1627585887908936
Current adversarial test accuracy:0.0
Current adversarial test loss:4.975811958312988

Current batch:220
Current benign test accuracy:0.75
Current benign test loss:0.5057014226913452
Current adversarial test accuracy:0.25
Current adversarial test loss:3.177870273590088

Current batch:230
Current benign test accuracy:0.875
Current benign test loss:0.3441039025783539
Current adversarial test accuracy:0.125
Current adversarial test loss:3.73846173286438

Current batch:240
Current benign test accuracy:0.875
Current benign test loss:0.5116680860519409
Current adversarial test accuracy:0.125
Current adversarial test loss:4.692768573760986

Current batch:250
Current benign test accuracy:0.75
Current benign test loss:0.6404902935028076
Current adversarial test accuracy:0.125
Current adversarial test loss:3.0383315086364746

Current batch:260
Current benign test accuracy:0.875
Current benign test loss:0.24047820270061493
Current adversarial test accuracy:0.125
Current adversarial test loss:3.8387115001678467

Current batch:270
Current benign test accuracy:0.625
Current benign test loss:0.9061418771743774
Current adversarial test accuracy:0.125
Current adversarial test loss:3.9467575550079346

Current batch:280
Current benign test accuracy:0.875
Current benign test loss:0.22908993065357208
Current adversarial test accuracy:0.25
Current adversarial test loss:3.8160922527313232

Current batch:290
Current benign test accuracy:0.625
Current benign test loss:0.6995037198066711
Current adversarial test accuracy:0.25
Current adversarial test loss:3.9748895168304443

Current batch:300
Current benign test accuracy:0.5
Current benign test loss:1.0211567878723145
Current adversarial test accuracy:0.375
Current adversarial test loss:4.369452476501465

Current batch:310
Current benign test accuracy:0.875
Current benign test loss:0.21294909715652466
Current adversarial test accuracy:0.125
Current adversarial test loss:3.514646053314209

Current batch:320
Current benign test accuracy:1.0
Current benign test loss:0.11802113056182861
Current adversarial test accuracy:0.25
Current adversarial test loss:2.5510287284851074

Current batch:330
Current benign test accuracy:0.625
Current benign test loss:1.0354079008102417
Current adversarial test accuracy:0.0
Current adversarial test loss:5.737607002258301

Current batch:340
Current benign test accuracy:1.0
Current benign test loss:0.12175852060317993
Current adversarial test accuracy:0.25
Current adversarial test loss:3.6391005516052246

Current batch:350
Current benign test accuracy:0.75
Current benign test loss:0.8633980751037598
Current adversarial test accuracy:0.25
Current adversarial test loss:3.216604232788086

Current batch:360
Current benign test accuracy:0.75
Current benign test loss:0.35880082845687866
Current adversarial test accuracy:0.375
Current adversarial test loss:3.894721508026123

Current batch:370
Current benign test accuracy:0.875
Current benign test loss:0.8123403787612915
Current adversarial test accuracy:0.25
Current adversarial test loss:3.632266044616699

Current batch:380
Current benign test accuracy:0.875
Current benign test loss:0.4598332643508911
Current adversarial test accuracy:0.375
Current adversarial test loss:3.2233052253723145

Current batch:390
Current benign test accuracy:1.0
Current benign test loss:0.06380525976419449
Current adversarial test accuracy:0.125
Current adversarial test loss:3.504255771636963

Current batch:400
Current benign test accuracy:0.625
Current benign test loss:1.0641719102859497
Current adversarial test accuracy:0.5
Current adversarial test loss:2.8980846405029297

Current batch:410
Current benign test accuracy:1.0
Current benign test loss:0.28842660784721375
Current adversarial test accuracy:0.0
Current adversarial test loss:5.01522159576416

Current batch:420
Current benign test accuracy:0.875
Current benign test loss:0.35238805413246155
Current adversarial test accuracy:0.0
Current adversarial test loss:6.342633247375488

Current batch:430
Current benign test accuracy:0.875
Current benign test loss:0.48405563831329346
Current adversarial test accuracy:0.375
Current adversarial test loss:2.345397710800171

Current batch:440
Current benign test accuracy:0.75
Current benign test loss:0.7788621783256531
Current adversarial test accuracy:0.25
Current adversarial test loss:3.1395511627197266

Current batch:450
Current benign test accuracy:0.625
Current benign test loss:0.9073551893234253
Current adversarial test accuracy:0.25
Current adversarial test loss:3.9721224308013916

Current batch:460
Current benign test accuracy:0.875
Current benign test loss:0.5852804780006409
Current adversarial test accuracy:0.0
Current adversarial test loss:3.4941139221191406

Current batch:470
Current benign test accuracy:0.75
Current benign test loss:0.9129058122634888
Current adversarial test accuracy:0.125
Current adversarial test loss:3.821099281311035

Current batch:480
Current benign test accuracy:0.75
Current benign test loss:0.29541316628456116
Current adversarial test accuracy:0.5
Current adversarial test loss:2.28460955619812

Current batch:490
Current benign test accuracy:0.625
Current benign test loss:0.6895544528961182
Current adversarial test accuracy:0.25
Current adversarial test loss:4.4097418785095215

Current batch:500
Current benign test accuracy:0.75
Current benign test loss:0.8659625053405762
Current adversarial test accuracy:0.125
Current adversarial test loss:3.5982611179351807

Current batch:510
Current benign test accuracy:0.75
Current benign test loss:0.4337305426597595
Current adversarial test accuracy:0.125
Current adversarial test loss:3.6536970138549805

Current batch:520
Current benign test accuracy:0.875
Current benign test loss:0.3135964572429657
Current adversarial test accuracy:0.25
Current adversarial test loss:3.81656813621521

Current batch:530
Current benign test accuracy:0.875
Current benign test loss:0.2812648415565491
Current adversarial test accuracy:0.125
Current adversarial test loss:3.1726505756378174

Current batch:540
Current benign test accuracy:0.75
Current benign test loss:0.9256613254547119
Current adversarial test accuracy:0.25
Current adversarial test loss:4.010899066925049

Current batch:550
Current benign test accuracy:0.625
Current benign test loss:0.8660825490951538
Current adversarial test accuracy:0.0
Current adversarial test loss:4.816418647766113

Current batch:560
Current benign test accuracy:0.75
Current benign test loss:0.9448405504226685
Current adversarial test accuracy:0.125
Current adversarial test loss:4.764350414276123

Current batch:570
Current benign test accuracy:0.75
Current benign test loss:0.47114911675453186
Current adversarial test accuracy:0.125
Current adversarial test loss:3.893704891204834

Current batch:580
Current benign test accuracy:0.75
Current benign test loss:0.4233361780643463
Current adversarial test accuracy:0.125
Current adversarial test loss:3.8355631828308105

Current batch:590
Current benign test accuracy:0.5
Current benign test loss:1.401369333267212
Current adversarial test accuracy:0.25
Current adversarial test loss:4.364316940307617

Current batch:600
Current benign test accuracy:0.75
Current benign test loss:0.5646114349365234
Current adversarial test accuracy:0.25
Current adversarial test loss:4.2495245933532715

Current batch:610
Current benign test accuracy:1.0
Current benign test loss:0.24068671464920044
Current adversarial test accuracy:0.0
Current adversarial test loss:3.3404440879821777

Current batch:620
Current benign test accuracy:0.5
Current benign test loss:2.0462026596069336
Current adversarial test accuracy:0.125
Current adversarial test loss:4.6447649002075195

Current batch:630
Current benign test accuracy:1.0
Current benign test loss:0.28281885385513306
Current adversarial test accuracy:0.125
Current adversarial test loss:4.018642425537109

Current batch:640
Current benign test accuracy:0.75
Current benign test loss:0.7031094431877136
Current adversarial test accuracy:0.25
Current adversarial test loss:4.065422058105469

Current batch:650
Current benign test accuracy:0.875
Current benign test loss:0.35966572165489197
Current adversarial test accuracy:0.25
Current adversarial test loss:3.180168867111206

Current batch:660
Current benign test accuracy:0.875
Current benign test loss:0.4476502537727356
Current adversarial test accuracy:0.25
Current adversarial test loss:2.844515800476074

Current batch:670
Current benign test accuracy:0.625
Current benign test loss:1.450703740119934
Current adversarial test accuracy:0.125
Current adversarial test loss:5.259703636169434

Current batch:680
Current benign test accuracy:0.625
Current benign test loss:0.8238231539726257
Current adversarial test accuracy:0.125
Current adversarial test loss:4.018940448760986

Current batch:690
Current benign test accuracy:0.75
Current benign test loss:1.0956367254257202
Current adversarial test accuracy:0.25
Current adversarial test loss:4.017979621887207

Current batch:700
Current benign test accuracy:0.625
Current benign test loss:1.7147341966629028
Current adversarial test accuracy:0.125
Current adversarial test loss:4.1610212326049805

Current batch:710
Current benign test accuracy:0.75
Current benign test loss:0.8707684278488159
Current adversarial test accuracy:0.125
Current adversarial test loss:3.8431034088134766

Current batch:720
Current benign test accuracy:0.875
Current benign test loss:0.3514004945755005
Current adversarial test accuracy:0.125
Current adversarial test loss:4.0133490562438965

Current batch:730
Current benign test accuracy:0.75
Current benign test loss:0.4981807768344879
Current adversarial test accuracy:0.0
Current adversarial test loss:3.869277000427246

Current batch:740
Current benign test accuracy:0.75
Current benign test loss:0.637492299079895
Current adversarial test accuracy:0.25
Current adversarial test loss:4.036803245544434

Current batch:750
Current benign test accuracy:1.0
Current benign test loss:0.06938201934099197
Current adversarial test accuracy:0.25
Current adversarial test loss:2.9058003425598145

Current batch:760
Current benign test accuracy:1.0
Current benign test loss:0.1575801819562912
Current adversarial test accuracy:0.25
Current adversarial test loss:4.315340995788574

Current batch:770
Current benign test accuracy:0.5
Current benign test loss:1.1296123266220093
Current adversarial test accuracy:0.125
Current adversarial test loss:4.755088806152344

Current batch:780
Current benign test accuracy:0.75
Current benign test loss:0.997326135635376
Current adversarial test accuracy:0.25
Current adversarial test loss:3.67696475982666

Current batch:790
Current benign test accuracy:0.875
Current benign test loss:0.5117290019989014
Current adversarial test accuracy:0.0
Current adversarial test loss:3.616269111633301

Current batch:800
Current benign test accuracy:0.75
Current benign test loss:0.6783316135406494
Current adversarial test accuracy:0.25
Current adversarial test loss:3.976351261138916

Current batch:810
Current benign test accuracy:0.875
Current benign test loss:0.2864898145198822
Current adversarial test accuracy:0.375
Current adversarial test loss:3.075704336166382

Current batch:820
Current benign test accuracy:1.0
Current benign test loss:0.3121837377548218
Current adversarial test accuracy:0.125
Current adversarial test loss:4.379059314727783

Current batch:830
Current benign test accuracy:0.75
Current benign test loss:0.4788970351219177
Current adversarial test accuracy:0.125
Current adversarial test loss:4.1740827560424805

Current batch:840
Current benign test accuracy:0.875
Current benign test loss:0.3681212067604065
Current adversarial test accuracy:0.125
Current adversarial test loss:3.3377156257629395

Current batch:850
Current benign test accuracy:1.0
Current benign test loss:0.1448214054107666
Current adversarial test accuracy:0.125
Current adversarial test loss:4.646679401397705

Current batch:860
Current benign test accuracy:0.875
Current benign test loss:0.32082778215408325
Current adversarial test accuracy:0.375
Current adversarial test loss:2.790045738220215

Current batch:870
Current benign test accuracy:0.5
Current benign test loss:0.8209266066551208
Current adversarial test accuracy:0.125
Current adversarial test loss:4.922630310058594

Current batch:880
Current benign test accuracy:0.75
Current benign test loss:1.3626012802124023
Current adversarial test accuracy:0.25
Current adversarial test loss:4.671952724456787

Current batch:890
Current benign test accuracy:1.0
Current benign test loss:0.11912693828344345
Current adversarial test accuracy:0.125
Current adversarial test loss:3.309070587158203

Current batch:900
Current benign test accuracy:1.0
Current benign test loss:0.22069773077964783
Current adversarial test accuracy:0.25
Current adversarial test loss:2.7165212631225586

Current batch:910
Current benign test accuracy:0.75
Current benign test loss:0.6249789595603943
Current adversarial test accuracy:0.0
Current adversarial test loss:5.063867092132568

Current batch:920
Current benign test accuracy:1.0
Current benign test loss:0.0669686421751976
Current adversarial test accuracy:0.25
Current adversarial test loss:3.3618521690368652

Current batch:930
Current benign test accuracy:0.75
Current benign test loss:0.7266426086425781
Current adversarial test accuracy:0.125
Current adversarial test loss:4.3744401931762695

Current batch:940
Current benign test accuracy:0.875
Current benign test loss:0.22016356885433197
Current adversarial test accuracy:0.375
Current adversarial test loss:3.0684447288513184

Current batch:950
Current benign test accuracy:0.875
Current benign test loss:0.30030930042266846
Current adversarial test accuracy:0.25
Current adversarial test loss:3.4842207431793213

Current batch:960
Current benign test accuracy:0.5
Current benign test loss:2.2958130836486816
Current adversarial test accuracy:0.25
Current adversarial test loss:4.335862159729004

Current batch:970
Current benign test accuracy:0.75
Current benign test loss:1.138802170753479
Current adversarial test accuracy:0.25
Current adversarial test loss:3.5321359634399414

Current batch:980
Current benign test accuracy:0.625
Current benign test loss:0.4928146004676819
Current adversarial test accuracy:0.125
Current adversarial test loss:4.375421524047852

Current batch:990
Current benign test accuracy:0.75
Current benign test loss:0.49662309885025024
Current adversarial test accuracy:0.0
Current adversarial test loss:4.1584062576293945

Current batch:1000
Current benign test accuracy:0.875
Current benign test loss:0.4451121687889099
Current adversarial test accuracy:0.125
Current adversarial test loss:4.145066261291504

Current batch:1010
Current benign test accuracy:1.0
Current benign test loss:0.20266246795654297
Current adversarial test accuracy:0.125
Current adversarial test loss:3.2660231590270996

Current batch:1020
Current benign test accuracy:0.75
Current benign test loss:0.757161021232605
Current adversarial test accuracy:0.125
Current adversarial test loss:4.689764499664307

Current batch:1030
Current benign test accuracy:0.75
Current benign test loss:0.6972280144691467
Current adversarial test accuracy:0.25
Current adversarial test loss:3.0700416564941406

Current batch:1040
Current benign test accuracy:0.625
Current benign test loss:1.6247782707214355
Current adversarial test accuracy:0.0
Current adversarial test loss:5.045027732849121

Current batch:1050
Current benign test accuracy:0.875
Current benign test loss:0.6048064827919006
Current adversarial test accuracy:0.375
Current adversarial test loss:2.8794846534729004

Current batch:1060
Current benign test accuracy:0.75
Current benign test loss:0.6124708652496338
Current adversarial test accuracy:0.375
Current adversarial test loss:3.1875500679016113

Current batch:1070
Current benign test accuracy:0.875
Current benign test loss:0.3183567225933075
Current adversarial test accuracy:0.125
Current adversarial test loss:3.7471652030944824

Current batch:1080
Current benign test accuracy:0.75
Current benign test loss:0.8111305236816406
Current adversarial test accuracy:0.0
Current adversarial test loss:5.1613545417785645

Current batch:1090
Current benign test accuracy:0.5
Current benign test loss:2.444899797439575
Current adversarial test accuracy:0.0
Current adversarial test loss:6.036945343017578

Current batch:1100
Current benign test accuracy:0.75
Current benign test loss:0.8811083436012268
Current adversarial test accuracy:0.125
Current adversarial test loss:4.066257476806641

Current batch:1110
Current benign test accuracy:1.0
Current benign test loss:0.06569002568721771
Current adversarial test accuracy:0.25
Current adversarial test loss:2.2320175170898438

Current batch:1120
Current benign test accuracy:1.0
Current benign test loss:0.08834376186132431
Current adversarial test accuracy:0.5
Current adversarial test loss:2.3254787921905518

Current batch:1130
Current benign test accuracy:0.75
Current benign test loss:0.43041661381721497
Current adversarial test accuracy:0.25
Current adversarial test loss:2.5200088024139404

Current batch:1140
Current benign test accuracy:0.875
Current benign test loss:0.23189827799797058
Current adversarial test accuracy:0.25
Current adversarial test loss:3.707505941390991

Current batch:1150
Current benign test accuracy:0.875
Current benign test loss:0.5086585879325867
Current adversarial test accuracy:0.0
Current adversarial test loss:4.737714767456055

Current batch:1160
Current benign test accuracy:0.875
Current benign test loss:0.6891231536865234
Current adversarial test accuracy:0.0
Current adversarial test loss:4.231207370758057

Current batch:1170
Current benign test accuracy:0.875
Current benign test loss:0.29879647493362427
Current adversarial test accuracy:0.0
Current adversarial test loss:4.91253662109375

Current batch:1180
Current benign test accuracy:0.75
Current benign test loss:0.3936934471130371
Current adversarial test accuracy:0.125
Current adversarial test loss:3.569002151489258

Current batch:1190
Current benign test accuracy:0.75
Current benign test loss:0.4690810441970825
Current adversarial test accuracy:0.25
Current adversarial test loss:3.972774028778076

Current batch:1200
Current benign test accuracy:0.625
Current benign test loss:1.2521419525146484
Current adversarial test accuracy:0.125
Current adversarial test loss:4.352792739868164

Current batch:1210
Current benign test accuracy:0.875
Current benign test loss:0.20058731734752655
Current adversarial test accuracy:0.125
Current adversarial test loss:3.837512969970703

Current batch:1220
Current benign test accuracy:0.75
Current benign test loss:0.39442142844200134
Current adversarial test accuracy:0.25
Current adversarial test loss:3.2105753421783447

Current batch:1230
Current benign test accuracy:1.0
Current benign test loss:0.10094241797924042
Current adversarial test accuracy:0.125
Current adversarial test loss:4.297683238983154

Current batch:1240
Current benign test accuracy:0.75
Current benign test loss:1.1972540616989136
Current adversarial test accuracy:0.25
Current adversarial test loss:4.641872406005859
Total benign test accuarcy:77.87
Total adversarial test Accuarcy:17.83
Total benign test loss:850.6575590446591
Total adversarial test loss:4857.881770014763
-----end------
