Namespace(model='beit', norm='L1', gamma=4.0, delta=9.0, epsilon=0.01, L=3, batch_size=8, attack='fgsm', budget=0.00392156862745098)
Only replace 12 layers with robust attention
Files already downloaded and verified

[ Test Start ]

Current batch:0
Current benign test accuracy:0.0
Current benign test loss:3.3635969161987305
Current adversarial test accuracy:0.0
Current adversarial test loss:3.6181998252868652
Total benign test accuarcy:0.0
Total adversarial test Accuarcy:0.0

Current batch:10
Current benign test accuracy:0.125
Current benign test loss:2.705695152282715
Current adversarial test accuracy:0.125
Current adversarial test loss:3.0815749168395996
Total benign test accuarcy:7.954545454545454
Total adversarial test Accuarcy:6.818181818181818

Current batch:20
Current benign test accuracy:0.125
Current benign test loss:3.4899673461914062
Current adversarial test accuracy:0.125
Current adversarial test loss:3.873350143432617
Total benign test accuarcy:10.714285714285714
Total adversarial test Accuarcy:8.928571428571429

Current batch:30
Current benign test accuracy:0.0
Current benign test loss:3.930938720703125
Current adversarial test accuracy:0.0
Current adversarial test loss:4.34692907333374
Total benign test accuarcy:8.870967741935484
Total adversarial test Accuarcy:7.258064516129032

Current batch:40
Current benign test accuracy:0.125
Current benign test loss:3.4311106204986572
Current adversarial test accuracy:0.0
Current adversarial test loss:4.206019878387451
Total benign test accuarcy:10.060975609756097
Total adversarial test Accuarcy:7.621951219512195

Current batch:50
Current benign test accuracy:0.0
Current benign test loss:2.909052848815918
Current adversarial test accuracy:0.0
Current adversarial test loss:3.2323107719421387
Total benign test accuarcy:11.029411764705882
Total adversarial test Accuarcy:9.068627450980392

Current batch:60
Current benign test accuracy:0.0
Current benign test loss:3.702007293701172
Current adversarial test accuracy:0.0
Current adversarial test loss:4.154600143432617
Total benign test accuarcy:10.655737704918034
Total adversarial test Accuarcy:9.01639344262295

Current batch:70
Current benign test accuracy:0.25
Current benign test loss:2.9152185916900635
Current adversarial test accuracy:0.25
Current adversarial test loss:3.309966564178467
Total benign test accuarcy:10.211267605633802
Total adversarial test Accuarcy:8.80281690140845

Current batch:80
Current benign test accuracy:0.0
Current benign test loss:3.957526445388794
Current adversarial test accuracy:0.0
Current adversarial test loss:4.265511989593506
Total benign test accuarcy:10.030864197530864
Total adversarial test Accuarcy:8.641975308641975

Current batch:90
Current benign test accuracy:0.0
Current benign test loss:2.8559768199920654
Current adversarial test accuracy:0.125
Current adversarial test loss:3.1057968139648438
Total benign test accuarcy:9.89010989010989
Total adversarial test Accuarcy:8.37912087912088

Current batch:100
Current benign test accuracy:0.0
Current benign test loss:3.3166122436523438
Current adversarial test accuracy:0.0
Current adversarial test loss:3.741950035095215
Total benign test accuarcy:10.272277227722773
Total adversarial test Accuarcy:8.415841584158416
