Namespace(model='swin', norm='L2', gamma=4.0, delta=9.0, epsilon=0.01, L=3, batch_size=8, attack='fgsm', budget=0.00392156862745098)
Only replace 24 layers with robust attention
Files already downloaded and verified

[ Test Start ]

Current batch:0
Current benign test accuracy:1.0
Current benign test loss:0.048946112394332886
Current adversarial test accuracy:0.75
Current adversarial test loss:0.6388708353042603
Total benign test accuarcy:100.0
Total adversarial test Accuarcy:75.0

Current batch:10
Current benign test accuracy:1.0
Current benign test loss:0.21262884140014648
Current adversarial test accuracy:0.75
Current adversarial test loss:0.7372840046882629
Total benign test accuarcy:95.45454545454545
Total adversarial test Accuarcy:78.4090909090909

Current batch:20
Current benign test accuracy:0.875
Current benign test loss:0.22318825125694275
Current adversarial test accuracy:0.375
Current adversarial test loss:4.059789657592773
Total benign test accuarcy:97.02380952380952
Total adversarial test Accuarcy:79.76190476190476

Current batch:30
Current benign test accuracy:1.0
Current benign test loss:0.07063086330890656
Current adversarial test accuracy:0.75
Current adversarial test loss:0.28812605142593384
Total benign test accuarcy:97.58064516129032
Total adversarial test Accuarcy:78.2258064516129

Current batch:40
Current benign test accuracy:1.0
Current benign test loss:0.07553166151046753
Current adversarial test accuracy:0.875
Current adversarial test loss:0.9607764482498169
Total benign test accuarcy:97.5609756097561
Total adversarial test Accuarcy:78.35365853658537

Current batch:50
Current benign test accuracy:1.0
Current benign test loss:0.04594196006655693
Current adversarial test accuracy:0.875
Current adversarial test loss:0.23141354322433472
Total benign test accuarcy:97.79411764705883
Total adversarial test Accuarcy:77.94117647058823

Current batch:60
Current benign test accuracy:1.0
Current benign test loss:0.12641066312789917
Current adversarial test accuracy:0.625
Current adversarial test loss:1.0757510662078857
Total benign test accuarcy:97.74590163934427
Total adversarial test Accuarcy:77.25409836065573

Current batch:70
Current benign test accuracy:1.0
Current benign test loss:0.03192999213933945
Current adversarial test accuracy:0.875
Current adversarial test loss:0.46214696764945984
Total benign test accuarcy:98.06338028169014
Total adversarial test Accuarcy:78.34507042253522

Current batch:80
Current benign test accuracy:1.0
Current benign test loss:0.1875101923942566
Current adversarial test accuracy:0.5
Current adversarial test loss:3.467613935470581
Total benign test accuarcy:98.30246913580247
Total adversarial test Accuarcy:79.01234567901234

Current batch:90
Current benign test accuracy:1.0
Current benign test loss:0.21963120996952057
Current adversarial test accuracy:0.75
Current adversarial test loss:0.6242167353630066
Total benign test accuarcy:98.48901098901099
Total adversarial test Accuarcy:79.53296703296704

Current batch:100
Current benign test accuracy:1.0
Current benign test loss:0.05959022417664528
Current adversarial test accuracy:1.0
Current adversarial test loss:0.020452454686164856
Total benign test accuarcy:98.63861386138613
Total adversarial test Accuarcy:78.83663366336634

Current batch:110
Current benign test accuracy:1.0
Current benign test loss:0.07875312119722366
Current adversarial test accuracy:0.75
Current adversarial test loss:1.2437183856964111
Total benign test accuarcy:98.3108108108108
Total adversarial test Accuarcy:78.71621621621621

Current batch:120
Current benign test accuracy:1.0
Current benign test loss:0.08570212870836258
Current adversarial test accuracy:0.375
Current adversarial test loss:3.2316370010375977
Total benign test accuarcy:98.4504132231405
Total adversarial test Accuarcy:79.13223140495867

Current batch:130
Current benign test accuracy:1.0
Current benign test loss:0.12914489209651947
Current adversarial test accuracy:0.625
Current adversarial test loss:1.2204070091247559
Total benign test accuarcy:98.56870229007633
Total adversarial test Accuarcy:79.19847328244275

Current batch:140
Current benign test accuracy:1.0
Current benign test loss:0.11395387351512909
Current adversarial test accuracy:0.875
Current adversarial test loss:0.17408078908920288
Total benign test accuarcy:98.67021276595744
Total adversarial test Accuarcy:79.69858156028369

Current batch:150
Current benign test accuracy:1.0
Current benign test loss:0.10825417190790176
Current adversarial test accuracy:1.0
Current adversarial test loss:0.03619682043790817
Total benign test accuarcy:98.67549668874172
Total adversarial test Accuarcy:79.55298013245033

Current batch:160
Current benign test accuracy:1.0
Current benign test loss:0.061166610568761826
Current adversarial test accuracy:0.625
Current adversarial test loss:0.9763774871826172
Total benign test accuarcy:98.6024844720497
Total adversarial test Accuarcy:79.42546583850931

Current batch:170
Current benign test accuracy:1.0
Current benign test loss:0.07401911169290543
Current adversarial test accuracy:1.0
Current adversarial test loss:0.012239201925694942
Total benign test accuarcy:98.61111111111111
Total adversarial test Accuarcy:79.75146198830409

Current batch:180
Current benign test accuracy:1.0
Current benign test loss:0.19640062749385834
Current adversarial test accuracy:0.625
Current adversarial test loss:1.8378888368606567
Total benign test accuarcy:98.54972375690608
Total adversarial test Accuarcy:79.90331491712708

Current batch:190
Current benign test accuracy:1.0
Current benign test loss:0.1076812744140625
Current adversarial test accuracy:0.75
Current adversarial test loss:2.4287195205688477
Total benign test accuarcy:98.62565445026178
Total adversarial test Accuarcy:79.90837696335079

Current batch:200
Current benign test accuracy:1.0
Current benign test loss:0.10393089801073074
Current adversarial test accuracy:0.5
Current adversarial test loss:0.761218786239624
Total benign test accuarcy:98.69402985074628
Total adversarial test Accuarcy:79.85074626865672

Current batch:210
Current benign test accuracy:1.0
Current benign test loss:0.19726896286010742
Current adversarial test accuracy:0.5
Current adversarial test loss:2.4448964595794678
Total benign test accuarcy:98.69668246445498
Total adversarial test Accuarcy:79.68009478672985

Current batch:220
Current benign test accuracy:1.0
Current benign test loss:0.06099564954638481
Current adversarial test accuracy:1.0
Current adversarial test loss:0.006474901922047138
Total benign test accuarcy:98.64253393665159
Total adversarial test Accuarcy:79.8076923076923

Current batch:230
Current benign test accuracy:1.0
Current benign test loss:0.07420685887336731
Current adversarial test accuracy:0.75
Current adversarial test loss:1.318981409072876
Total benign test accuarcy:98.5930735930736
Total adversarial test Accuarcy:79.54545454545455

Current batch:240
Current benign test accuracy:1.0
Current benign test loss:0.14256316423416138
Current adversarial test accuracy:0.625
Current adversarial test loss:2.004563093185425
Total benign test accuarcy:98.65145228215768
Total adversarial test Accuarcy:79.51244813278008

Current batch:250
Current benign test accuracy:1.0
Current benign test loss:0.05870412662625313
Current adversarial test accuracy:0.625
Current adversarial test loss:1.980252742767334
Total benign test accuarcy:98.60557768924303
Total adversarial test Accuarcy:79.4820717131474

Current batch:260
Current benign test accuracy:1.0
Current benign test loss:0.140412375330925
Current adversarial test accuracy:0.75
Current adversarial test loss:0.6159273982048035
Total benign test accuarcy:98.61111111111111
Total adversarial test Accuarcy:79.54980842911877

Current batch:270
Current benign test accuracy:1.0
Current benign test loss:0.1479056477546692
Current adversarial test accuracy:0.75
Current adversarial test loss:0.6875385642051697
Total benign test accuarcy:98.61623616236163
Total adversarial test Accuarcy:79.52029520295203

Current batch:280
Current benign test accuracy:1.0
Current benign test loss:0.06080157309770584
Current adversarial test accuracy:0.625
Current adversarial test loss:0.5239278078079224
Total benign test accuarcy:98.57651245551601
Total adversarial test Accuarcy:79.31494661921708

Current batch:290
Current benign test accuracy:1.0
Current benign test loss:0.062216829508543015
Current adversarial test accuracy:0.875
Current adversarial test loss:0.7255972027778625
Total benign test accuarcy:98.53951890034364
Total adversarial test Accuarcy:79.12371134020619

Current batch:300
Current benign test accuracy:0.875
Current benign test loss:1.0495502948760986
Current adversarial test accuracy:0.875
Current adversarial test loss:1.7514846324920654
Total benign test accuarcy:98.50498338870432
Total adversarial test Accuarcy:79.2358803986711

Current batch:310
Current benign test accuracy:1.0
Current benign test loss:0.03416156768798828
Current adversarial test accuracy:0.875
Current adversarial test loss:0.5544182658195496
Total benign test accuarcy:98.5128617363344
Total adversarial test Accuarcy:79.09967845659163

Current batch:320
Current benign test accuracy:1.0
Current benign test loss:0.12093239277601242
Current adversarial test accuracy:0.75
Current adversarial test loss:1.0730302333831787
Total benign test accuarcy:98.40342679127725
Total adversarial test Accuarcy:79.01090342679127

Current batch:330
Current benign test accuracy:0.75
Current benign test loss:0.4850139915943146
Current adversarial test accuracy:0.625
Current adversarial test loss:1.5332305431365967
Total benign test accuarcy:98.30060422960725
Total adversarial test Accuarcy:78.81419939577039

Current batch:340
Current benign test accuracy:1.0
Current benign test loss:0.09390237927436829
Current adversarial test accuracy:0.875
Current adversarial test loss:0.20005668699741364
Total benign test accuarcy:98.31378299120234
Total adversarial test Accuarcy:79.03225806451613

Current batch:350
Current benign test accuracy:0.875
Current benign test loss:0.43648970127105713
Current adversarial test accuracy:0.75
Current adversarial test loss:1.4059228897094727
Total benign test accuarcy:98.2905982905983
Total adversarial test Accuarcy:78.95299145299145

Current batch:360
Current benign test accuracy:1.0
Current benign test loss:0.0749737024307251
Current adversarial test accuracy:0.625
Current adversarial test loss:1.636648416519165
Total benign test accuarcy:98.23407202216066
Total adversarial test Accuarcy:79.01662049861496

Current batch:370
Current benign test accuracy:1.0
Current benign test loss:0.07004344463348389
Current adversarial test accuracy:0.875
Current adversarial test loss:1.0236537456512451
Total benign test accuarcy:98.24797843665768
Total adversarial test Accuarcy:78.94204851752022

Current batch:380
Current benign test accuracy:1.0
Current benign test loss:0.1012737825512886
Current adversarial test accuracy:0.75
Current adversarial test loss:1.6863495111465454
Total benign test accuarcy:98.29396325459318
Total adversarial test Accuarcy:79.06824146981627

Current batch:390
Current benign test accuracy:1.0
Current benign test loss:0.04777473956346512
Current adversarial test accuracy:1.0
Current adversarial test loss:0.007832171395421028
Total benign test accuarcy:98.17774936061382
Total adversarial test Accuarcy:79.02813299232737

Current batch:400
Current benign test accuracy:1.0
Current benign test loss:0.11354687064886093
Current adversarial test accuracy:0.625
Current adversarial test loss:2.0625219345092773
Total benign test accuarcy:98.16084788029926
Total adversarial test Accuarcy:78.86533665835411

Current batch:410
Current benign test accuracy:1.0
Current benign test loss:0.07073178887367249
Current adversarial test accuracy:1.0
Current adversarial test loss:0.029426731169223785
Total benign test accuarcy:98.20559610705597
Total adversarial test Accuarcy:78.86253041362531

Current batch:420
Current benign test accuracy:1.0
Current benign test loss:0.04192674532532692
Current adversarial test accuracy:1.0
Current adversarial test loss:0.013964513316750526
Total benign test accuarcy:98.12945368171022
Total adversarial test Accuarcy:78.85985748218528

Current batch:430
Current benign test accuracy:1.0
Current benign test loss:0.15991626679897308
Current adversarial test accuracy:0.625
Current adversarial test loss:1.238511085510254
Total benign test accuarcy:98.14385150812065
Total adversarial test Accuarcy:78.82830626450117

Current batch:440
Current benign test accuracy:1.0
Current benign test loss:0.07272357493638992
Current adversarial test accuracy:0.875
Current adversarial test loss:0.885573148727417
Total benign test accuarcy:98.10090702947846
Total adversarial test Accuarcy:78.74149659863946

Current batch:450
Current benign test accuracy:1.0
Current benign test loss:0.2680748701095581
Current adversarial test accuracy:0.75
Current adversarial test loss:1.626399040222168
Total benign test accuarcy:98.11529933481152
Total adversarial test Accuarcy:78.79711751662971

Current batch:460
Current benign test accuracy:1.0
Current benign test loss:0.10604691505432129
Current adversarial test accuracy:0.75
Current adversarial test loss:0.7801293730735779
Total benign test accuarcy:98.15618221258134
Total adversarial test Accuarcy:78.76898047722342

Current batch:470
Current benign test accuracy:1.0
Current benign test loss:0.061822559684515
Current adversarial test accuracy:0.625
Current adversarial test loss:1.4167425632476807
Total benign test accuarcy:98.14225053078556
Total adversarial test Accuarcy:78.60934182590233

Current batch:480
Current benign test accuracy:1.0
Current benign test loss:0.11424993723630905
Current adversarial test accuracy:0.875
Current adversarial test loss:0.25238725543022156
Total benign test accuarcy:98.18087318087318
Total adversarial test Accuarcy:78.61226611226611

Current batch:490
Current benign test accuracy:1.0
Current benign test loss:0.1198580339550972
Current adversarial test accuracy:0.75
Current adversarial test loss:1.7400153875350952
Total benign test accuarcy:98.21792260692465
Total adversarial test Accuarcy:78.66598778004074

Current batch:500
Current benign test accuracy:0.875
Current benign test loss:0.22280515730381012
Current adversarial test accuracy:0.75
Current adversarial test loss:1.6540714502334595
Total benign test accuarcy:98.22854291417165
Total adversarial test Accuarcy:78.84231536926147

Current batch:510
Current benign test accuracy:1.0
Current benign test loss:0.05951295047998428
Current adversarial test accuracy:1.0
Current adversarial test loss:0.001383059425279498
Total benign test accuarcy:98.23874755381604
Total adversarial test Accuarcy:78.86497064579257

Current batch:520
Current benign test accuracy:1.0
Current benign test loss:0.06466680020093918
Current adversarial test accuracy:0.875
Current adversarial test loss:0.1397794634103775
Total benign test accuarcy:98.22456813819578
Total adversarial test Accuarcy:78.91074856046065

Current batch:530
Current benign test accuracy:1.0
Current benign test loss:0.0411524772644043
Current adversarial test accuracy:0.875
Current adversarial test loss:0.38646501302719116
Total benign test accuarcy:98.25800376647834
Total adversarial test Accuarcy:78.954802259887

Current batch:540
Current benign test accuracy:1.0
Current benign test loss:0.05635272338986397
Current adversarial test accuracy:0.75
Current adversarial test loss:0.7501803040504456
Total benign test accuarcy:98.26709796672829
Total adversarial test Accuarcy:79.02033271719039

Current batch:550
Current benign test accuracy:1.0
Current benign test loss:0.07727173715829849
Current adversarial test accuracy:0.75
Current adversarial test loss:0.8477753400802612
Total benign test accuarcy:98.29854809437387
Total adversarial test Accuarcy:79.08348457350272

Current batch:560
Current benign test accuracy:1.0
Current benign test loss:0.09088273346424103
Current adversarial test accuracy:0.75
Current adversarial test loss:1.3942794799804688
Total benign test accuarcy:98.3288770053476
Total adversarial test Accuarcy:79.05525846702318

Current batch:570
Current benign test accuracy:1.0
Current benign test loss:0.06894883513450623
Current adversarial test accuracy:0.875
Current adversarial test loss:0.29779237508773804
Total benign test accuarcy:98.27057793345008
Total adversarial test Accuarcy:78.96234676007005

Current batch:580
Current benign test accuracy:1.0
Current benign test loss:0.15625998377799988
Current adversarial test accuracy:0.625
Current adversarial test loss:2.3356435298919678
Total benign test accuarcy:98.2788296041308
Total adversarial test Accuarcy:78.87263339070569

Current batch:590
Current benign test accuracy:1.0
Current benign test loss:0.06790363788604736
Current adversarial test accuracy:0.75
Current adversarial test loss:0.8803786635398865
Total benign test accuarcy:98.24450084602368
Total adversarial test Accuarcy:78.87055837563452

Current batch:600
Current benign test accuracy:1.0
Current benign test loss:0.083683080971241
Current adversarial test accuracy:0.75
Current adversarial test loss:0.8058356046676636
Total benign test accuarcy:98.25291181364393
Total adversarial test Accuarcy:78.76455906821964

Current batch:610
Current benign test accuracy:1.0
Current benign test loss:0.07521162927150726
Current adversarial test accuracy:0.875
Current adversarial test loss:0.16146142780780792
Total benign test accuarcy:98.28150572831424
Total adversarial test Accuarcy:78.80523731587562

Current batch:620
Current benign test accuracy:0.75
Current benign test loss:0.8620932698249817
Current adversarial test accuracy:0.75
Current adversarial test loss:2.480255603790283
Total benign test accuarcy:98.22866344605475
Total adversarial test Accuarcy:78.74396135265701

Current batch:630
Current benign test accuracy:1.0
Current benign test loss:0.12692299485206604
Current adversarial test accuracy:0.875
Current adversarial test loss:0.965510368347168
Total benign test accuarcy:98.25673534072901
Total adversarial test Accuarcy:78.7242472266244

Current batch:640
Current benign test accuracy:1.0
Current benign test loss:0.026181330904364586
Current adversarial test accuracy:1.0
Current adversarial test loss:0.011719935573637486
Total benign test accuarcy:98.28393135725429
Total adversarial test Accuarcy:78.78315132605304

Current batch:650
Current benign test accuracy:1.0
Current benign test loss:0.11922137439250946
Current adversarial test accuracy:0.75
Current adversarial test loss:0.6361302733421326
Total benign test accuarcy:98.31029185867895
Total adversarial test Accuarcy:78.76344086021506

Current batch:660
Current benign test accuracy:1.0
Current benign test loss:0.037280961871147156
Current adversarial test accuracy:1.0
Current adversarial test loss:0.0508345291018486
Total benign test accuarcy:98.31694402420575
Total adversarial test Accuarcy:78.91452344931922

Current batch:670
Current benign test accuracy:1.0
Current benign test loss:0.09231463074684143
Current adversarial test accuracy:1.0
Current adversarial test loss:0.14864081144332886
Total benign test accuarcy:98.34202682563338
Total adversarial test Accuarcy:79.06110283159464

Current batch:680
Current benign test accuracy:1.0
Current benign test loss:0.04573681578040123
Current adversarial test accuracy:0.875
Current adversarial test loss:0.3195939362049103
Total benign test accuarcy:98.34801762114537
Total adversarial test Accuarcy:79.0381791483113

Current batch:690
Current benign test accuracy:1.0
Current benign test loss:0.04242447763681412
Current adversarial test accuracy:1.0
Current adversarial test loss:0.004224808886647224
Total benign test accuarcy:98.35383502170767
Total adversarial test Accuarcy:79.01591895803183

Current batch:700
Current benign test accuracy:1.0
Current benign test loss:0.1384269893169403
Current adversarial test accuracy:0.625
Current adversarial test loss:1.2017914056777954
Total benign test accuarcy:98.35948644793153
Total adversarial test Accuarcy:78.92296718972896

Current batch:710
Current benign test accuracy:1.0
Current benign test loss:0.09440293163061142
Current adversarial test accuracy:0.875
Current adversarial test loss:0.2878805696964264
Total benign test accuarcy:98.36497890295358
Total adversarial test Accuarcy:78.90295358649789

Current batch:720
Current benign test accuracy:1.0
Current benign test loss:0.04457557946443558
Current adversarial test accuracy:0.875
Current adversarial test loss:1.0043787956237793
Total benign test accuarcy:98.37031900138696
Total adversarial test Accuarcy:78.9008321775312

Current batch:730
Current benign test accuracy:1.0
Current benign test loss:0.05043063312768936
Current adversarial test accuracy:0.625
Current adversarial test loss:0.7495227456092834
Total benign test accuarcy:98.39261285909713
Total adversarial test Accuarcy:78.9500683994528

Current batch:740
Current benign test accuracy:1.0
Current benign test loss:0.1494109332561493
Current adversarial test accuracy:0.875
Current adversarial test loss:0.551848292350769
Total benign test accuarcy:98.36369770580296
Total adversarial test Accuarcy:78.86302294197031

Current batch:750
Current benign test accuracy:1.0
Current benign test loss:0.08154107630252838
Current adversarial test accuracy:0.875
Current adversarial test loss:0.36561983823776245
Total benign test accuarcy:98.36884154460719
Total adversarial test Accuarcy:78.8948069241012

Current batch:760
Current benign test accuracy:1.0
Current benign test loss:0.07680630683898926
Current adversarial test accuracy:1.0
Current adversarial test loss:0.0624144971370697
Total benign test accuarcy:98.39027595269383
Total adversarial test Accuarcy:78.89290407358739

Current batch:770
Current benign test accuracy:1.0
Current benign test loss:0.1091059222817421
Current adversarial test accuracy:0.875
Current adversarial test loss:0.6713281273841858
Total benign test accuarcy:98.39494163424125
Total adversarial test Accuarcy:78.89105058365759

Current batch:780
Current benign test accuracy:0.875
Current benign test loss:0.19469766318798065
Current adversarial test accuracy:0.75
Current adversarial test loss:1.315600872039795
Total benign test accuarcy:98.38348271446863
Total adversarial test Accuarcy:78.82522407170295

Current batch:790
Current benign test accuracy:1.0
Current benign test loss:0.03198733180761337
Current adversarial test accuracy:0.875
Current adversarial test loss:0.2476501315832138
Total benign test accuarcy:98.37231352718078
Total adversarial test Accuarcy:78.8558786346397

Current batch:800
Current benign test accuracy:1.0
Current benign test loss:0.182081937789917
Current adversarial test accuracy:0.5
Current adversarial test loss:1.6752177476882935
Total benign test accuarcy:98.36142322097378
Total adversarial test Accuarcy:78.7609238451935

Current batch:810
Current benign test accuracy:1.0
Current benign test loss:0.03316611424088478
Current adversarial test accuracy:1.0
Current adversarial test loss:0.06594350188970566
Total benign test accuarcy:98.36621454993835
Total adversarial test Accuarcy:78.83785450061653

Current batch:820
Current benign test accuracy:1.0
Current benign test loss:0.08032451570034027
Current adversarial test accuracy:0.625
Current adversarial test loss:0.8784886598587036
Total benign test accuarcy:98.38611449451888
Total adversarial test Accuarcy:78.7454323995128

Current batch:830
Current benign test accuracy:1.0
Current benign test loss:0.20167213678359985
Current adversarial test accuracy:0.5
Current adversarial test loss:1.8550142049789429
Total benign test accuarcy:98.37545126353791
Total adversarial test Accuarcy:78.71540312876053

Current batch:840
Current benign test accuracy:1.0
Current benign test loss:0.0510757640004158
Current adversarial test accuracy:0.875
Current adversarial test loss:1.044079303741455
Total benign test accuarcy:98.36504161712247
Total adversarial test Accuarcy:78.730677764566

Current batch:850
Current benign test accuracy:1.0
Current benign test loss:0.048656485974788666
Current adversarial test accuracy:1.0
Current adversarial test loss:0.08961599320173264
Total benign test accuarcy:98.35487661574618
Total adversarial test Accuarcy:78.68683901292597

Current batch:860
Current benign test accuracy:1.0
Current benign test loss:0.06948984414339066
Current adversarial test accuracy:0.875
Current adversarial test loss:0.4728364050388336
Total benign test accuarcy:98.35946573751451
Total adversarial test Accuarcy:78.68757259001161

Current batch:870
Current benign test accuracy:0.75
Current benign test loss:0.4693143665790558
Current adversarial test accuracy:0.5
Current adversarial test loss:3.198835611343384
Total benign test accuarcy:98.33524684270952
Total adversarial test Accuarcy:78.55912743972445

Current batch:880
Current benign test accuracy:1.0
Current benign test loss:0.18641400337219238
Current adversarial test accuracy:0.625
Current adversarial test loss:1.658359169960022
Total benign test accuarcy:98.32576617480136
Total adversarial test Accuarcy:78.46197502837684

Current batch:890
Current benign test accuracy:1.0
Current benign test loss:0.06770009547472
Current adversarial test accuracy:0.875
Current adversarial test loss:0.3910773694515228
Total benign test accuarcy:98.33052749719417
Total adversarial test Accuarcy:78.47923681257015

Current batch:900
Current benign test accuracy:1.0
Current benign test loss:0.2132149636745453
Current adversarial test accuracy:0.875
Current adversarial test loss:0.3175579011440277
Total benign test accuarcy:98.34905660377359
Total adversarial test Accuarcy:78.42674805771365

Current batch:910
Current benign test accuracy:1.0
Current benign test loss:0.10965899378061295
Current adversarial test accuracy:0.75
Current adversarial test loss:0.767209529876709
Total benign test accuarcy:98.35345773874863
Total adversarial test Accuarcy:78.4165751920966

Current batch:920
Current benign test accuracy:1.0
Current benign test loss:0.052680887281894684
Current adversarial test accuracy:1.0
Current adversarial test loss:0.009394115768373013
Total benign test accuarcy:98.35776330076004
Total adversarial test Accuarcy:78.46091205211727

Current batch:930
Current benign test accuracy:1.0
Current benign test loss:0.07364033162593842
Current adversarial test accuracy:0.75
Current adversarial test loss:0.5853420495986938
Total benign test accuarcy:98.34854994629431
Total adversarial test Accuarcy:78.38345864661655

Current batch:940
Current benign test accuracy:0.875
Current benign test loss:0.31532055139541626
Current adversarial test accuracy:0.875
Current adversarial test loss:1.046280026435852
Total benign test accuarcy:98.3528161530287
Total adversarial test Accuarcy:78.42720510095643

Current batch:950
Current benign test accuracy:1.0
Current benign test loss:0.07936165481805801
Current adversarial test accuracy:0.875
Current adversarial test loss:0.28844398260116577
Total benign test accuarcy:98.34384858044164
Total adversarial test Accuarcy:78.47003154574132

Current batch:960
Current benign test accuracy:1.0
Current benign test loss:0.16368094086647034
Current adversarial test accuracy:0.5
Current adversarial test loss:1.6310653686523438
Total benign test accuarcy:98.3480749219563
Total adversarial test Accuarcy:78.36888657648284

Current batch:970
Current benign test accuracy:0.875
Current benign test loss:0.37216413021087646
Current adversarial test accuracy:0.875
Current adversarial test loss:1.3680384159088135
Total benign test accuarcy:98.33934088568486
Total adversarial test Accuarcy:78.35993820803296

Current batch:980
Current benign test accuracy:1.0
Current benign test loss:0.1166168749332428
Current adversarial test accuracy:0.75
Current adversarial test loss:1.8112499713897705
Total benign test accuarcy:98.34352701325179
Total adversarial test Accuarcy:78.35117227319063

Current batch:990
Current benign test accuracy:1.0
Current benign test loss:0.09351158142089844
Current adversarial test accuracy:0.875
Current adversarial test loss:0.6220480799674988
Total benign test accuarcy:98.33501513622603
Total adversarial test Accuarcy:78.44349142280525

Current batch:1000
Current benign test accuracy:1.0
Current benign test loss:0.08545127511024475
Current adversarial test accuracy:0.875
Current adversarial test loss:0.21510551869869232
Total benign test accuarcy:98.32667332667333
Total adversarial test Accuarcy:78.47152847152847

Current batch:1010
Current benign test accuracy:1.0
Current benign test loss:0.14872655272483826
Current adversarial test accuracy:1.0
Current adversarial test loss:0.06661897152662277
Total benign test accuarcy:98.34322453016814
Total adversarial test Accuarcy:78.57319485657764

Current batch:1020
Current benign test accuracy:1.0
Current benign test loss:0.08560934662818909
Current adversarial test accuracy:0.625
Current adversarial test loss:1.250648856163025
Total benign test accuarcy:98.34720861900098
Total adversarial test Accuarcy:78.55044074436826

Current batch:1030
Current benign test accuracy:1.0
Current benign test loss:0.10796284675598145
Current adversarial test accuracy:0.75
Current adversarial test loss:1.1202622652053833
Total benign test accuarcy:98.33899127061106
Total adversarial test Accuarcy:78.52812803103782

Current batch:1040
Current benign test accuracy:0.875
Current benign test loss:0.22872935235500336
Current adversarial test accuracy:0.625
Current adversarial test loss:1.9235848188400269
Total benign test accuarcy:98.30691642651297
Total adversarial test Accuarcy:78.43419788664745

Current batch:1050
Current benign test accuracy:1.0
Current benign test loss:0.07414931803941727
Current adversarial test accuracy:0.625
Current adversarial test loss:1.7557141780853271
Total benign test accuarcy:98.2873453853473
Total adversarial test Accuarcy:78.4372026641294

Current batch:1060
Current benign test accuracy:1.0
Current benign test loss:0.16294799745082855
Current adversarial test accuracy:0.625
Current adversarial test loss:1.808130145072937
Total benign test accuarcy:98.29170593779453
Total adversarial test Accuarcy:78.39302544769086

Current batch:1070
Current benign test accuracy:1.0
Current benign test loss:0.04555578902363777
Current adversarial test accuracy:0.75
Current adversarial test loss:0.9288778901100159
Total benign test accuarcy:98.29598506069094
Total adversarial test Accuarcy:78.31465919701213

Current batch:1080
Current benign test accuracy:1.0
Current benign test loss:0.12887214124202728
Current adversarial test accuracy:0.625
Current adversarial test loss:1.0268110036849976
Total benign test accuarcy:98.30018501387605
Total adversarial test Accuarcy:78.2377428307123

Current batch:1090
Current benign test accuracy:1.0
Current benign test loss:0.1969764232635498
Current adversarial test accuracy:0.75
Current adversarial test loss:0.9564424753189087
Total benign test accuarcy:98.31576535288725
Total adversarial test Accuarcy:78.25389550870761

Current batch:1100
Current benign test accuracy:0.875
Current benign test loss:0.3318537473678589
Current adversarial test accuracy:0.75
Current adversarial test loss:1.5863550901412964
Total benign test accuarcy:98.30835603996367
Total adversarial test Accuarcy:78.17892824704813

Current batch:1110
Current benign test accuracy:1.0
Current benign test loss:0.053448691964149475
Current adversarial test accuracy:0.875
Current adversarial test loss:0.6028841137886047
Total benign test accuarcy:98.30108010801081
Total adversarial test Accuarcy:78.15031503150315

Current batch:1120
Current benign test accuracy:1.0
Current benign test loss:0.08808852732181549
Current adversarial test accuracy:0.75
Current adversarial test loss:1.5746634006500244
Total benign test accuarcy:98.30508474576271
Total adversarial test Accuarcy:78.08876003568243

Current batch:1130
Current benign test accuracy:1.0
Current benign test loss:0.1620679348707199
Current adversarial test accuracy:0.75
Current adversarial test loss:1.605770468711853
Total benign test accuarcy:98.30901856763926
Total adversarial test Accuarcy:78.07250221043324

Current batch:1140
Current benign test accuracy:0.875
Current benign test loss:0.1677696853876114
Current adversarial test accuracy:0.625
Current adversarial test loss:1.3461359739303589
Total benign test accuarcy:98.31288343558282
Total adversarial test Accuarcy:78.01270815074496

Current batch:1150
Current benign test accuracy:1.0
Current benign test loss:0.056368522346019745
Current adversarial test accuracy:0.625
Current adversarial test loss:1.820883870124817
Total benign test accuarcy:98.32754126846221
Total adversarial test Accuarcy:77.99739357080799

Current batch:1160
Current benign test accuracy:1.0
Current benign test loss:0.08132418245077133
Current adversarial test accuracy:0.75
Current adversarial test loss:0.3949013352394104
Total benign test accuarcy:98.28811369509044
Total adversarial test Accuarcy:77.93927648578811

Current batch:1170
Current benign test accuracy:1.0
Current benign test loss:0.1165611669421196
Current adversarial test accuracy:0.75
Current adversarial test loss:0.6957983374595642
Total benign test accuarcy:98.28138343296328
Total adversarial test Accuarcy:77.90350128095645

Current batch:1180
Current benign test accuracy:1.0
Current benign test loss:0.05427844449877739
Current adversarial test accuracy:0.875
Current adversarial test loss:0.33115434646606445
Total benign test accuarcy:98.28535139712109
Total adversarial test Accuarcy:77.90008467400509

Current batch:1190
Current benign test accuracy:1.0
Current benign test loss:0.11840880662202835
Current adversarial test accuracy:0.75
Current adversarial test loss:0.6818941831588745
Total benign test accuarcy:98.29974811083123
Total adversarial test Accuarcy:77.92821158690177

Current batch:1200
Current benign test accuracy:1.0
Current benign test loss:0.04619273915886879
Current adversarial test accuracy:0.625
Current adversarial test loss:0.972416341304779
Total benign test accuarcy:98.27227310574521
Total adversarial test Accuarcy:77.92464612822648

Current batch:1210
Current benign test accuracy:1.0
Current benign test loss:0.07266893237829208
Current adversarial test accuracy:0.875
Current adversarial test loss:0.15274697542190552
Total benign test accuarcy:98.26589595375722
Total adversarial test Accuarcy:77.95210569777043

Current batch:1220
Current benign test accuracy:1.0
Current benign test loss:0.08732414245605469
Current adversarial test accuracy:0.75
Current adversarial test loss:0.3919515311717987
Total benign test accuarcy:98.28009828009829
Total adversarial test Accuarcy:77.92792792792793

Current batch:1230
Current benign test accuracy:1.0
Current benign test loss:0.1129877045750618
Current adversarial test accuracy:0.75
Current adversarial test loss:0.9556207060813904
Total benign test accuarcy:98.28391551584077
Total adversarial test Accuarcy:77.87367993501219

Current batch:1240
Current benign test accuracy:1.0
Current benign test loss:0.20673474669456482
Current adversarial test accuracy:0.875
Current adversarial test loss:0.8700782656669617
Total benign test accuarcy:98.28767123287672
Total adversarial test Accuarcy:77.91095890410959
Total benign test accuarcy:98.3
Total adversarial test Accuarcy:77.9
Total benign test loss:153.51786353252828
Total adversarial test loss:1247.5048272756976
-----end------
