Namespace(model='swin', norm='L1', gamma=4.0, delta=9.0, epsilon=1e-05, L=3, batch_size=8, attack='fgsm', budget=0.00392156862745098)
Only replace 24 layers with robust attention
Files already downloaded and verified

[ Test Start ]

Current batch:0
Current benign test accuracy:1.0
Current benign test loss:0.06024280935525894
Current adversarial test accuracy:0.5
Current adversarial test loss:1.782616138458252
Total benign test accuarcy:100.0
Total adversarial test Accuarcy:50.0

Current batch:10
Current benign test accuracy:1.0
Current benign test loss:0.25516098737716675
Current adversarial test accuracy:0.75
Current adversarial test loss:0.7124763131141663
Total benign test accuarcy:94.31818181818181
Total adversarial test Accuarcy:70.45454545454545

Current batch:20
Current benign test accuracy:0.875
Current benign test loss:0.2720959186553955
Current adversarial test accuracy:0.5
Current adversarial test loss:4.106361389160156
Total benign test accuarcy:96.42857142857143
Total adversarial test Accuarcy:70.83333333333333

Current batch:30
Current benign test accuracy:1.0
Current benign test loss:0.08222011476755142
Current adversarial test accuracy:0.625
Current adversarial test loss:1.2970337867736816
Total benign test accuarcy:97.1774193548387
Total adversarial test Accuarcy:70.56451612903226

Current batch:40
Current benign test accuracy:1.0
Current benign test loss:0.10227973014116287
Current adversarial test accuracy:0.75
Current adversarial test loss:1.0867153406143188
Total benign test accuarcy:96.95121951219512
Total adversarial test Accuarcy:69.20731707317073

Current batch:50
Current benign test accuracy:1.0
Current benign test loss:0.047675296664237976
Current adversarial test accuracy:0.5
Current adversarial test loss:1.4972623586654663
Total benign test accuarcy:97.05882352941177
Total adversarial test Accuarcy:68.13725490196079

Current batch:60
Current benign test accuracy:1.0
Current benign test loss:0.12022531032562256
Current adversarial test accuracy:0.5
Current adversarial test loss:1.8409504890441895
Total benign test accuarcy:97.3360655737705
Total adversarial test Accuarcy:67.82786885245902

Current batch:70
Current benign test accuracy:1.0
Current benign test loss:0.03648432344198227
Current adversarial test accuracy:0.875
Current adversarial test loss:0.40405312180519104
Total benign test accuarcy:97.71126760563381
Total adversarial test Accuarcy:69.19014084507042

Current batch:80
Current benign test accuracy:1.0
Current benign test loss:0.1395699828863144
Current adversarial test accuracy:0.5
Current adversarial test loss:3.6939353942871094
Total benign test accuarcy:97.99382716049382
Total adversarial test Accuarcy:69.44444444444444

Current batch:90
Current benign test accuracy:0.875
Current benign test loss:0.18024669587612152
Current adversarial test accuracy:0.75
Current adversarial test loss:0.48919200897216797
Total benign test accuarcy:97.93956043956044
Total adversarial test Accuarcy:70.05494505494505

Current batch:100
Current benign test accuracy:1.0
Current benign test loss:0.056026093661785126
Current adversarial test accuracy:0.75
Current adversarial test loss:0.3273020386695862
Total benign test accuarcy:98.14356435643565
Total adversarial test Accuarcy:69.18316831683168

Current batch:110
Current benign test accuracy:1.0
Current benign test loss:0.08670806884765625
Current adversarial test accuracy:0.625
Current adversarial test loss:2.5633935928344727
Total benign test accuarcy:97.86036036036036
Total adversarial test Accuarcy:68.80630630630631

Current batch:120
Current benign test accuracy:1.0
Current benign test loss:0.11215048283338547
Current adversarial test accuracy:0.25
Current adversarial test loss:4.69577693939209
Total benign test accuarcy:98.03719008264463
Total adversarial test Accuarcy:68.69834710743801

Current batch:130
Current benign test accuracy:1.0
Current benign test loss:0.11212384700775146
Current adversarial test accuracy:0.625
Current adversarial test loss:1.2074335813522339
Total benign test accuarcy:98.18702290076335
Total adversarial test Accuarcy:68.3206106870229

Current batch:140
Current benign test accuracy:1.0
Current benign test loss:0.12048602849245071
Current adversarial test accuracy:0.875
Current adversarial test loss:0.9317648410797119
Total benign test accuarcy:98.31560283687944
Total adversarial test Accuarcy:68.61702127659575

Current batch:150
Current benign test accuracy:1.0
Current benign test loss:0.10217975080013275
Current adversarial test accuracy:0.875
Current adversarial test loss:0.5503098964691162
Total benign test accuarcy:98.17880794701986
Total adversarial test Accuarcy:68.70860927152317

Current batch:160
Current benign test accuracy:1.0
Current benign test loss:0.0977618470788002
Current adversarial test accuracy:0.5
Current adversarial test loss:2.703709363937378
Total benign test accuarcy:98.05900621118012
Total adversarial test Accuarcy:68.7111801242236

Current batch:170
Current benign test accuracy:1.0
Current benign test loss:0.053905121982097626
Current adversarial test accuracy:0.875
Current adversarial test loss:0.3545967638492584
Total benign test accuarcy:98.17251461988305
Total adversarial test Accuarcy:68.78654970760233

Current batch:180
Current benign test accuracy:1.0
Current benign test loss:0.20695100724697113
Current adversarial test accuracy:0.5
Current adversarial test loss:2.6079633235931396
Total benign test accuarcy:97.99723756906077
Total adversarial test Accuarcy:68.646408839779

Current batch:190
Current benign test accuracy:1.0
Current benign test loss:0.0918794646859169
Current adversarial test accuracy:0.75
Current adversarial test loss:2.476799726486206
Total benign test accuarcy:98.1020942408377
Total adversarial test Accuarcy:68.84816753926701

Current batch:200
Current benign test accuracy:1.0
Current benign test loss:0.112611785531044
Current adversarial test accuracy:0.375
Current adversarial test loss:2.0375399589538574
Total benign test accuarcy:98.19651741293532
Total adversarial test Accuarcy:68.78109452736318

Current batch:210
Current benign test accuracy:1.0
Current benign test loss:0.23045174777507782
Current adversarial test accuracy:0.25
Current adversarial test loss:3.9373836517333984
Total benign test accuarcy:98.16350710900474
Total adversarial test Accuarcy:68.48341232227489

Current batch:220
Current benign test accuracy:1.0
Current benign test loss:0.05227110534906387
Current adversarial test accuracy:0.875
Current adversarial test loss:0.7993355989456177
Total benign test accuarcy:98.13348416289593
Total adversarial test Accuarcy:68.60859728506787

Current batch:230
Current benign test accuracy:1.0
Current benign test loss:0.057988449931144714
Current adversarial test accuracy:0.75
Current adversarial test loss:1.4382362365722656
Total benign test accuarcy:97.9978354978355
Total adversarial test Accuarcy:68.61471861471861

Current batch:240
Current benign test accuracy:1.0
Current benign test loss:0.15445077419281006
Current adversarial test accuracy:0.75
Current adversarial test loss:1.791345477104187
Total benign test accuarcy:98.08091286307054
Total adversarial test Accuarcy:68.56846473029046

Current batch:250
Current benign test accuracy:1.0
Current benign test loss:0.06257986277341843
Current adversarial test accuracy:0.625
Current adversarial test loss:2.8476858139038086
Total benign test accuarcy:98.00796812749005
Total adversarial test Accuarcy:68.67529880478088

Current batch:260
Current benign test accuracy:1.0
Current benign test loss:0.15612810850143433
Current adversarial test accuracy:0.5
Current adversarial test loss:1.8740768432617188
Total benign test accuarcy:98.03639846743295
Total adversarial test Accuarcy:68.29501915708812

Current batch:270
Current benign test accuracy:1.0
Current benign test loss:0.126621812582016
Current adversarial test accuracy:0.375
Current adversarial test loss:1.8101930618286133
Total benign test accuarcy:98.06273062730628
Total adversarial test Accuarcy:68.26568265682657

Current batch:280
Current benign test accuracy:1.0
Current benign test loss:0.056011758744716644
Current adversarial test accuracy:0.625
Current adversarial test loss:0.5835373997688293
Total benign test accuarcy:97.90925266903915
Total adversarial test Accuarcy:68.14946619217082

Current batch:290
Current benign test accuracy:1.0
Current benign test loss:0.06549514830112457
Current adversarial test accuracy:0.625
Current adversarial test loss:1.355647325515747
Total benign test accuarcy:97.89518900343643
Total adversarial test Accuarcy:67.82646048109966

Current batch:300
Current benign test accuracy:0.875
Current benign test loss:1.0044467449188232
Current adversarial test accuracy:0.625
Current adversarial test loss:2.502756118774414
Total benign test accuarcy:97.84053156146179
Total adversarial test Accuarcy:67.73255813953489

Current batch:310
Current benign test accuracy:1.0
Current benign test loss:0.036827199161052704
Current adversarial test accuracy:0.875
Current adversarial test loss:1.1354831457138062
Total benign test accuarcy:97.78938906752411
Total adversarial test Accuarcy:67.64469453376206

Current batch:320
Current benign test accuracy:1.0
Current benign test loss:0.13910576701164246
Current adversarial test accuracy:0.75
Current adversarial test loss:2.0057730674743652
Total benign test accuarcy:97.7803738317757
Total adversarial test Accuarcy:67.64018691588785

Current batch:330
Current benign test accuracy:0.75
Current benign test loss:0.6047206521034241
Current adversarial test accuracy:0.625
Current adversarial test loss:1.736968994140625
Total benign test accuarcy:97.6963746223565
Total adversarial test Accuarcy:67.40936555891238

Current batch:340
Current benign test accuracy:1.0
Current benign test loss:0.07895461469888687
Current adversarial test accuracy:0.625
Current adversarial test loss:0.9034688472747803
Total benign test accuarcy:97.72727272727273
Total adversarial test Accuarcy:67.48533724340176

Current batch:350
Current benign test accuracy:0.875
Current benign test loss:0.523681104183197
Current adversarial test accuracy:0.75
Current adversarial test loss:1.654454231262207
Total benign test accuarcy:97.72079772079772
Total adversarial test Accuarcy:67.41452991452991

Current batch:360
Current benign test accuracy:1.0
Current benign test loss:0.06991323828697205
Current adversarial test accuracy:0.75
Current adversarial test loss:1.3588776588439941
Total benign test accuarcy:97.71468144044321
Total adversarial test Accuarcy:67.41689750692521

Current batch:370
Current benign test accuracy:1.0
Current benign test loss:0.08852344751358032
Current adversarial test accuracy:0.625
Current adversarial test loss:1.5343369245529175
Total benign test accuarcy:97.74258760107817
Total adversarial test Accuarcy:67.45283018867924

Current batch:380
Current benign test accuracy:1.0
Current benign test loss:0.10740853101015091
Current adversarial test accuracy:0.5
Current adversarial test loss:2.6053359508514404
Total benign test accuarcy:97.80183727034121
Total adversarial test Accuarcy:67.55249343832021

Current batch:390
Current benign test accuracy:1.0
Current benign test loss:0.047074414789676666
Current adversarial test accuracy:0.75
Current adversarial test loss:0.9439717531204224
Total benign test accuarcy:97.69820971867007
Total adversarial test Accuarcy:67.55115089514067

Current batch:400
Current benign test accuracy:1.0
Current benign test loss:0.08590296655893326
Current adversarial test accuracy:0.625
Current adversarial test loss:2.2298130989074707
Total benign test accuarcy:97.6932668329177
Total adversarial test Accuarcy:67.58104738154613

Current batch:410
Current benign test accuracy:1.0
Current benign test loss:0.07862493395805359
Current adversarial test accuracy:0.625
Current adversarial test loss:0.7430232167243958
Total benign test accuarcy:97.74939172749392
Total adversarial test Accuarcy:67.67031630170317

Current batch:420
Current benign test accuracy:1.0
Current benign test loss:0.041071970015764236
Current adversarial test accuracy:1.0
Current adversarial test loss:0.029439488425850868
Total benign test accuarcy:97.68408551068883
Total adversarial test Accuarcy:67.63657957244655

Current batch:430
Current benign test accuracy:1.0
Current benign test loss:0.1476479470729828
Current adversarial test accuracy:0.5
Current adversarial test loss:2.9608824253082275
Total benign test accuarcy:97.70881670533643
Total adversarial test Accuarcy:67.66241299303944

Current batch:440
Current benign test accuracy:1.0
Current benign test loss:0.049103863537311554
Current adversarial test accuracy:0.5
Current adversarial test loss:2.7307889461517334
Total benign test accuarcy:97.64739229024943
Total adversarial test Accuarcy:67.43197278911565

Current batch:450
Current benign test accuracy:1.0
Current benign test loss:0.1602635383605957
Current adversarial test accuracy:0.5
Current adversarial test loss:2.2618134021759033
Total benign test accuarcy:97.67184035476718
Total adversarial test Accuarcy:67.51662971175166

Current batch:460
Current benign test accuracy:1.0
Current benign test loss:0.11677929759025574
Current adversarial test accuracy:0.75
Current adversarial test loss:1.1032745838165283
Total benign test accuarcy:97.72234273318873
Total adversarial test Accuarcy:67.59761388286334

Current batch:470
Current benign test accuracy:1.0
Current benign test loss:0.08198448270559311
Current adversarial test accuracy:0.625
Current adversarial test loss:2.1204302310943604
Total benign test accuarcy:97.7176220806794
Total adversarial test Accuarcy:67.40976645435244

Current batch:480
Current benign test accuracy:1.0
Current benign test loss:0.1250336617231369
Current adversarial test accuracy:0.75
Current adversarial test loss:1.265480875968933
Total benign test accuarcy:97.76507276507276
Total adversarial test Accuarcy:67.33367983367984

Current batch:490
Current benign test accuracy:1.0
Current benign test loss:0.08140864968299866
Current adversarial test accuracy:0.75
Current adversarial test loss:1.6801577806472778
Total benign test accuarcy:97.78513238289206
Total adversarial test Accuarcy:67.31160896130346

Current batch:500
Current benign test accuracy:0.875
Current benign test loss:0.2605843245983124
Current adversarial test accuracy:0.5
Current adversarial test loss:2.659207820892334
Total benign test accuarcy:97.80439121756487
Total adversarial test Accuarcy:67.44011976047904

Current batch:510
Current benign test accuracy:1.0
Current benign test loss:0.061516039073467255
Current adversarial test accuracy:0.875
Current adversarial test loss:0.12655635178089142
Total benign test accuarcy:97.8228962818004
Total adversarial test Accuarcy:67.46575342465754

Current batch:520
Current benign test accuracy:1.0
Current benign test loss:0.06907012313604355
Current adversarial test accuracy:0.875
Current adversarial test loss:0.21011604368686676
Total benign test accuarcy:97.84069097888676
Total adversarial test Accuarcy:67.63435700575816

Current batch:530
Current benign test accuracy:1.0
Current benign test loss:0.05988335236907005
Current adversarial test accuracy:0.875
Current adversarial test loss:0.3153679072856903
Total benign test accuarcy:97.88135593220339
Total adversarial test Accuarcy:67.84369114877589

Current batch:540
Current benign test accuracy:1.0
Current benign test loss:0.04526999220252037
Current adversarial test accuracy:0.75
Current adversarial test loss:0.9175165295600891
Total benign test accuarcy:97.87430683918669
Total adversarial test Accuarcy:67.79112754158965

Current batch:550
Current benign test accuracy:1.0
Current benign test loss:0.08561056107282639
Current adversarial test accuracy:0.75
Current adversarial test loss:0.9371519684791565
Total benign test accuarcy:97.8901996370236
Total adversarial test Accuarcy:67.92196007259528

Current batch:560
Current benign test accuracy:1.0
Current benign test loss:0.07127203047275543
Current adversarial test accuracy:0.625
Current adversarial test loss:1.4200797080993652
Total benign test accuarcy:97.92780748663101
Total adversarial test Accuarcy:67.95900178253119

Current batch:570
Current benign test accuracy:1.0
Current benign test loss:0.07059844583272934
Current adversarial test accuracy:0.625
Current adversarial test loss:1.5558114051818848
Total benign test accuarcy:97.92031523642731
Total adversarial test Accuarcy:67.79772329246936

Current batch:580
Current benign test accuracy:1.0
Current benign test loss:0.13118474185466766
Current adversarial test accuracy:0.375
Current adversarial test loss:3.2819814682006836
Total benign test accuarcy:97.93459552495698
Total adversarial test Accuarcy:67.66351118760757

Current batch:590
Current benign test accuracy:1.0
Current benign test loss:0.07093077152967453
Current adversarial test accuracy:0.75
Current adversarial test loss:1.4523333311080933
Total benign test accuarcy:97.94839255499154
Total adversarial test Accuarcy:67.66074450084602

Current batch:600
Current benign test accuracy:1.0
Current benign test loss:0.09940750151872635
Current adversarial test accuracy:0.875
Current adversarial test loss:0.6719269752502441
Total benign test accuarcy:97.94093178036606
Total adversarial test Accuarcy:67.67886855241265

Current batch:610
Current benign test accuracy:1.0
Current benign test loss:0.061440035700798035
Current adversarial test accuracy:1.0
Current adversarial test loss:0.01759294979274273
Total benign test accuarcy:97.97463175122749
Total adversarial test Accuarcy:67.83960720130933

Current batch:620
Current benign test accuracy:0.875
Current benign test loss:0.8043700456619263
Current adversarial test accuracy:0.375
Current adversarial test loss:3.4944143295288086
Total benign test accuarcy:97.94685990338164
Total adversarial test Accuarcy:67.6731078904992

Current batch:630
Current benign test accuracy:1.0
Current benign test loss:0.13617947697639465
Current adversarial test accuracy:0.875
Current adversarial test loss:0.6079191565513611
Total benign test accuarcy:97.97939778129953
Total adversarial test Accuarcy:67.67036450079239

Current batch:640
Current benign test accuracy:1.0
Current benign test loss:0.02694786712527275
Current adversarial test accuracy:0.75
Current adversarial test loss:1.2021219730377197
Total benign test accuarcy:98.01092043681747
Total adversarial test Accuarcy:67.74570982839313

Current batch:650
Current benign test accuracy:1.0
Current benign test loss:0.11506857722997665
Current adversarial test accuracy:0.375
Current adversarial test loss:2.5534324645996094
Total benign test accuarcy:98.02227342549924
Total adversarial test Accuarcy:67.72273425499232

Current batch:660
Current benign test accuracy:1.0
Current benign test loss:0.03969000652432442
Current adversarial test accuracy:0.5
Current adversarial test loss:0.7516266107559204
Total benign test accuarcy:98.03328290468987
Total adversarial test Accuarcy:67.7571860816944

Current batch:670
Current benign test accuracy:1.0
Current benign test loss:0.10007145255804062
Current adversarial test accuracy:0.875
Current adversarial test loss:0.33207061886787415
Total benign test accuarcy:98.04396423248882
Total adversarial test Accuarcy:67.82786885245902

Current batch:680
Current benign test accuracy:1.0
Current benign test loss:0.04853564873337746
Current adversarial test accuracy:0.625
Current adversarial test loss:1.2916489839553833
Total benign test accuarcy:98.05433186490455
Total adversarial test Accuarcy:67.71292217327459

Current batch:690
Current benign test accuracy:1.0
Current benign test loss:0.056135423481464386
Current adversarial test accuracy:1.0
Current adversarial test loss:0.04919085279107094
Total benign test accuarcy:98.02821997105644
Total adversarial test Accuarcy:67.70984081041968

Current batch:700
Current benign test accuracy:1.0
Current benign test loss:0.14844851195812225
Current adversarial test accuracy:0.5
Current adversarial test loss:2.002140998840332
Total benign test accuarcy:98.03851640513552
Total adversarial test Accuarcy:67.7246790299572

Current batch:710
Current benign test accuracy:1.0
Current benign test loss:0.06180949881672859
Current adversarial test accuracy:0.75
Current adversarial test loss:1.1499848365783691
Total benign test accuarcy:98.0309423347398
Total adversarial test Accuarcy:67.65119549929676

Current batch:720
Current benign test accuracy:1.0
Current benign test loss:0.0709359347820282
Current adversarial test accuracy:0.875
Current adversarial test loss:1.2581138610839844
Total benign test accuarcy:98.00624133148405
Total adversarial test Accuarcy:67.57975034674064

Current batch:730
Current benign test accuracy:1.0
Current benign test loss:0.06543522328138351
Current adversarial test accuracy:0.75
Current adversarial test loss:0.6571849584579468
Total benign test accuarcy:98.03351573187415
Total adversarial test Accuarcy:67.6812585499316

Current batch:740
Current benign test accuracy:1.0
Current benign test loss:0.16090896725654602
Current adversarial test accuracy:0.75
Current adversarial test loss:1.0379555225372314
Total benign test accuarcy:97.97570850202429
Total adversarial test Accuarcy:67.49325236167341

Current batch:750
Current benign test accuracy:1.0
Current benign test loss:0.10648506134748459
Current adversarial test accuracy:0.875
Current adversarial test loss:0.9104818105697632
Total benign test accuarcy:97.98601864181092
Total adversarial test Accuarcy:67.54327563249001

Current batch:760
Current benign test accuracy:1.0
Current benign test loss:0.08714214712381363
Current adversarial test accuracy:0.875
Current adversarial test loss:1.0665277242660522
Total benign test accuarcy:97.9796320630749
Total adversarial test Accuarcy:67.55913272010513

Current batch:770
Current benign test accuracy:1.0
Current benign test loss:0.1011674702167511
Current adversarial test accuracy:0.625
Current adversarial test loss:0.77351313829422
Total benign test accuarcy:97.98962386511025
Total adversarial test Accuarcy:67.5745784695201

Current batch:780
Current benign test accuracy:1.0
Current benign test loss:0.14831309020519257
Current adversarial test accuracy:0.375
Current adversarial test loss:3.8493590354919434
Total benign test accuarcy:97.99935979513444
Total adversarial test Accuarcy:67.50960307298335

Current batch:790
Current benign test accuracy:1.0
Current benign test loss:0.0309600792825222
Current adversarial test accuracy:0.75
Current adversarial test loss:0.5829521417617798
Total benign test accuarcy:98.00884955752213
Total adversarial test Accuarcy:67.46207332490518

Current batch:800
Current benign test accuracy:1.0
Current benign test loss:0.20834609866142273
Current adversarial test accuracy:0.5
Current adversarial test loss:2.0409064292907715
Total benign test accuarcy:97.98689138576779
Total adversarial test Accuarcy:67.40012484394506

Current batch:810
Current benign test accuracy:1.0
Current benign test loss:0.03117823228240013
Current adversarial test accuracy:0.875
Current adversarial test loss:0.24280713498592377
Total benign test accuarcy:97.98088779284834
Total adversarial test Accuarcy:67.43218249075215

Current batch:820
Current benign test accuracy:1.0
Current benign test loss:0.07384904474020004
Current adversarial test accuracy:0.75
Current adversarial test loss:0.9744623303413391
Total benign test accuarcy:98.00548112058465
Total adversarial test Accuarcy:67.28075517661388

Current batch:830
Current benign test accuracy:1.0
Current benign test loss:0.2216147631406784
Current adversarial test accuracy:0.125
Current adversarial test loss:3.5404162406921387
Total benign test accuarcy:97.99939831528279
Total adversarial test Accuarcy:67.25330926594465

Current batch:840
Current benign test accuracy:1.0
Current benign test loss:0.075403593480587
Current adversarial test accuracy:0.75
Current adversarial test loss:1.336395502090454
Total benign test accuarcy:97.9934601664685
Total adversarial test Accuarcy:67.24137931034483

Current batch:850
Current benign test accuracy:1.0
Current benign test loss:0.06601224839687347
Current adversarial test accuracy:0.75
Current adversarial test loss:1.6070897579193115
Total benign test accuarcy:97.9876615746181
Total adversarial test Accuarcy:67.21504112808461

Current batch:860
Current benign test accuracy:1.0
Current benign test loss:0.06574579328298569
Current adversarial test accuracy:0.75
Current adversarial test loss:0.885530948638916
Total benign test accuarcy:97.99651567944251
Total adversarial test Accuarcy:67.17479674796748

Current batch:870
Current benign test accuracy:0.625
Current benign test loss:0.5671722888946533
Current adversarial test accuracy:0.5
Current adversarial test loss:3.7696406841278076
Total benign test accuarcy:97.96211251435132
Total adversarial test Accuarcy:67.09242250287026

Current batch:880
Current benign test accuracy:0.875
Current benign test loss:0.20026546716690063
Current adversarial test accuracy:0.5
Current adversarial test loss:3.435676336288452
Total benign test accuarcy:97.95686719636777
Total adversarial test Accuarcy:66.96935300794551

Current batch:890
Current benign test accuracy:1.0
Current benign test loss:0.06128338724374771
Current adversarial test accuracy:0.625
Current adversarial test loss:1.5511271953582764
Total benign test accuarcy:97.96576879910214
Total adversarial test Accuarcy:66.94725028058362

Current batch:900
Current benign test accuracy:0.875
Current benign test loss:0.21888358891010284
Current adversarial test accuracy:0.75
Current adversarial test loss:0.7622088193893433
Total benign test accuarcy:97.97447280799112
Total adversarial test Accuarcy:66.93951165371809

Current batch:910
Current benign test accuracy:1.0
Current benign test loss:0.10156358033418655
Current adversarial test accuracy:0.875
Current adversarial test loss:0.48145291209220886
Total benign test accuarcy:97.98298572996707
Total adversarial test Accuarcy:67.01427003293084

Current batch:920
Current benign test accuracy:1.0
Current benign test loss:0.050226617604494095
Current adversarial test accuracy:0.875
Current adversarial test loss:0.56159907579422
Total benign test accuarcy:97.9913137893594
Total adversarial test Accuarcy:67.03311617806732

Current batch:930
Current benign test accuracy:1.0
Current benign test loss:0.07971642911434174
Current adversarial test accuracy:0.625
Current adversarial test loss:1.4096992015838623
Total benign test accuarcy:97.9860365198711
Total adversarial test Accuarcy:66.97099892588615

Current batch:940
Current benign test accuracy:0.875
Current benign test loss:0.2646802067756653
Current adversarial test accuracy:0.75
Current adversarial test loss:1.9260786771774292
Total benign test accuarcy:97.99415515409139
Total adversarial test Accuarcy:66.91020191285867

Current batch:950
Current benign test accuracy:1.0
Current benign test loss:0.10148446261882782
Current adversarial test accuracy:0.625
Current adversarial test loss:0.9956879019737244
Total benign test accuarcy:98.00210304942166
Total adversarial test Accuarcy:66.95583596214512

Current batch:960
Current benign test accuracy:0.875
Current benign test loss:0.17138376832008362
Current adversarial test accuracy:0.5
Current adversarial test loss:2.353834390640259
Total benign test accuarcy:97.99687825182102
Total adversarial test Accuarcy:66.89646201873049

Current batch:970
Current benign test accuracy:0.875
Current benign test loss:0.4230441451072693
Current adversarial test accuracy:0.75
Current adversarial test loss:1.84183669090271
Total benign test accuarcy:97.97888774459321
Total adversarial test Accuarcy:66.8898043254377

Current batch:980
Current benign test accuracy:1.0
Current benign test loss:0.0966387540102005
Current adversarial test accuracy:0.625
Current adversarial test loss:3.0680346488952637
Total benign test accuarcy:97.98674821610601
Total adversarial test Accuarcy:66.85779816513761

Current batch:990
Current benign test accuracy:1.0
Current benign test loss:0.12609365582466125
Current adversarial test accuracy:0.75
Current adversarial test loss:1.2715275287628174
Total benign test accuarcy:97.96922300706358
Total adversarial test Accuarcy:66.91473259334006

Current batch:1000
Current benign test accuracy:1.0
Current benign test loss:0.06818659603595734
Current adversarial test accuracy:0.75
Current adversarial test loss:0.8162932991981506
Total benign test accuarcy:97.95204795204795
Total adversarial test Accuarcy:66.97052947052947

Current batch:1010
Current benign test accuracy:1.0
Current benign test loss:0.1461055427789688
Current adversarial test accuracy:1.0
Current adversarial test loss:0.16940011084079742
Total benign test accuarcy:97.97230464886252
Total adversarial test Accuarcy:67.03758654797231

Current batch:1020
Current benign test accuracy:1.0
Current benign test loss:0.08475497364997864
Current adversarial test accuracy:0.375
Current adversarial test loss:2.9289376735687256
Total benign test accuarcy:97.95543584720862
Total adversarial test Accuarcy:67.0543584720862

Current batch:1030
Current benign test accuracy:1.0
Current benign test loss:0.09536955505609512
Current adversarial test accuracy:0.625
Current adversarial test loss:1.2843652963638306
Total benign test accuarcy:97.95101842870999
Total adversarial test Accuarcy:67.05868089233753

Current batch:1040
Current benign test accuracy:1.0
Current benign test loss:0.19698253273963928
Current adversarial test accuracy:0.375
Current adversarial test loss:2.5594587326049805
Total benign test accuarcy:97.94668587896254
Total adversarial test Accuarcy:66.96685878962536

Current batch:1050
Current benign test accuracy:1.0
Current benign test loss:0.10492811352014542
Current adversarial test accuracy:0.5
Current adversarial test loss:2.9925436973571777
Total benign test accuarcy:97.93054234062798
Total adversarial test Accuarcy:66.88867745004757

Current batch:1060
Current benign test accuracy:1.0
Current benign test loss:0.13648541271686554
Current adversarial test accuracy:0.375
Current adversarial test loss:2.5253970623016357
Total benign test accuarcy:97.9382657869934
Total adversarial test Accuarcy:66.83553251649387

Current batch:1070
Current benign test accuracy:1.0
Current benign test loss:0.04675881564617157
Current adversarial test accuracy:0.875
Current adversarial test loss:0.4767521917819977
Total benign test accuarcy:97.94584500466853
Total adversarial test Accuarcy:66.81839402427637

Current batch:1080
Current benign test accuracy:1.0
Current benign test loss:0.11126764118671417
Current adversarial test accuracy:0.625
Current adversarial test loss:1.5975011587142944
Total benign test accuarcy:97.95328399629972
Total adversarial test Accuarcy:66.72062904717853

Current batch:1090
Current benign test accuracy:1.0
Current benign test loss:0.16080452501773834
Current adversarial test accuracy:0.75
Current adversarial test loss:1.7692232131958008
Total benign test accuarcy:97.97204399633364
Total adversarial test Accuarcy:66.73923006416132

Current batch:1100
Current benign test accuracy:0.875
Current benign test loss:0.40508830547332764
Current adversarial test accuracy:0.625
Current adversarial test loss:2.498730182647705
Total benign test accuarcy:97.97910990009083
Total adversarial test Accuarcy:66.6780199818347

Current batch:1110
Current benign test accuracy:1.0
Current benign test loss:0.08330711722373962
Current adversarial test accuracy:0.625
Current adversarial test loss:1.2120252847671509
Total benign test accuarcy:97.96354635463547
Total adversarial test Accuarcy:66.67416741674167

Current batch:1120
Current benign test accuracy:1.0
Current benign test loss:0.1352774202823639
Current adversarial test accuracy:0.75
Current adversarial test loss:1.7417320013046265
Total benign test accuarcy:97.95941123996431
Total adversarial test Accuarcy:66.63693131132916

Current batch:1130
Current benign test accuracy:1.0
Current benign test loss:0.17758861184120178
Current adversarial test accuracy:0.625
Current adversarial test loss:1.6142843961715698
Total benign test accuarcy:97.95534924845269
Total adversarial test Accuarcy:66.62245800176835

Current batch:1140
Current benign test accuracy:1.0
Current benign test loss:0.1043083593249321
Current adversarial test accuracy:0.5
Current adversarial test loss:3.302112340927124
Total benign test accuarcy:97.97326906222612
Total adversarial test Accuarcy:66.5863277826468

Current batch:1150
Current benign test accuracy:1.0
Current benign test loss:0.03688715770840645
Current adversarial test accuracy:0.75
Current adversarial test loss:1.5904453992843628
Total benign test accuarcy:97.99087749782798
Total adversarial test Accuarcy:66.55082536924414

Current batch:1160
Current benign test accuracy:1.0
Current benign test loss:0.07407290488481522
Current adversarial test accuracy:0.625
Current adversarial test loss:1.0227339267730713
Total benign test accuarcy:97.96511627906976
Total adversarial test Accuarcy:66.4944013781223

Current batch:1170
Current benign test accuracy:1.0
Current benign test loss:0.155632883310318
Current adversarial test accuracy:0.5
Current adversarial test loss:2.2339556217193604
Total benign test accuarcy:97.97181895815542
Total adversarial test Accuarcy:66.43894107600342

Current batch:1180
Current benign test accuracy:1.0
Current benign test loss:0.044567596167325974
Current adversarial test accuracy:0.625
Current adversarial test loss:0.6184666156768799
Total benign test accuarcy:97.97840812870449
Total adversarial test Accuarcy:66.45850973751058

Current batch:1190
Current benign test accuracy:1.0
Current benign test loss:0.09693466126918793
Current adversarial test accuracy:0.75
Current adversarial test loss:1.0795053243637085
Total benign test accuarcy:97.99538203190596
Total adversarial test Accuarcy:66.45675902602855

Current batch:1200
Current benign test accuracy:1.0
Current benign test loss:0.054536301642656326
Current adversarial test accuracy:0.75
Current adversarial test loss:1.1171414852142334
Total benign test accuarcy:97.96003330557869
Total adversarial test Accuarcy:66.47585345545379

Current batch:1210
Current benign test accuracy:1.0
Current benign test loss:0.10535573214292526
Current adversarial test accuracy:0.75
Current adversarial test loss:0.4875425100326538
Total benign test accuarcy:97.96655656482245
Total adversarial test Accuarcy:66.51527663088356

Current batch:1220
Current benign test accuracy:1.0
Current benign test loss:0.08395884931087494
Current adversarial test accuracy:0.75
Current adversarial test loss:1.1335760354995728
Total benign test accuarcy:97.98321048321048
Total adversarial test Accuarcy:66.51310401310401

Current batch:1230
Current benign test accuracy:1.0
Current benign test loss:0.11388690024614334
Current adversarial test accuracy:0.75
Current adversarial test loss:1.414939045906067
Total benign test accuarcy:97.96913078797725
Total adversarial test Accuarcy:66.51096669374492

Current batch:1240
Current benign test accuracy:1.0
Current benign test loss:0.14659081399440765
Current adversarial test accuracy:0.625
Current adversarial test loss:2.1800172328948975
Total benign test accuarcy:97.9754230459307
Total adversarial test Accuarcy:66.54915390813859
Total benign test accuarcy:97.98
Total adversarial test Accuarcy:66.57
Total benign test loss:159.53797957487404
Total adversarial test loss:2003.3696346073411
-----end------
